<?xml version="1.0" encoding="UTF-8"?>
<!-- Generated by org.testng.reporters.JUnitReportReporter -->
<testsuite hostname="DESKTOP-U3D6RDB" failures="0" tests="2" name="Pacti.Ts_02" time="0.018" errors="0" timestamp="2023-06-14T20:46:55 IST" skipped="2">
  <testcase classname="Pacti.Ts_02" name="script4" time="0.003">
    <skipped/>
  </testcase> <!-- script4 -->
  <system-out/>
  <testcase classname="Pacti.Ts_02" name="script3" time="0.015">
    <skipped/>
  </testcase> <!-- script3 -->
  <system-out/>
</testsuite> <!-- Pacti.Ts_02 -->
