<?xml version="1.0" encoding="UTF-8"?>
<!-- Generated by org.testng.reporters.JUnitReportReporter -->
<testsuite hostname="DESKTOP-U3D6RDB" failures="0" tests="1" name="Pacti.Selenium_Grid" time="48.064" errors="0" timestamp="2023-04-11T15:25:28 IST" skipped="0">
  <testcase classname="Pacti.Selenium_Grid" name="test" time="48.064"/>
  <system-out/>
</testsuite> <!-- Pacti.Selenium_Grid -->
