<?xml version="1.0" encoding="UTF-8"?>
<!-- Generated by org.testng.reporters.JUnitReportReporter -->
<testsuite hostname="DESKTOP-U3D6RDB" failures="0" tests="1" name="Pattern_Java.Trail" time="0.008" errors="0" timestamp="2023-05-23T15:03:56 IST" skipped="0">
  <testcase classname="Pattern_Java.Trail" name="test1" time="0.008"/>
  <system-out/>
</testsuite> <!-- Pattern_Java.Trail -->
