<?xml version="1.0" encoding="UTF-8"?>
<!-- Generated by org.testng.reporters.JUnitReportReporter -->
<testsuite hostname="VYMO-IT-LPT-638" failures="0" tests="4" name="Pacti.Annatation_DataProvider" time="0.008" errors="0" timestamp="2023-03-24T10:17:47 IST" skipped="0">
  <testcase classname="Pacti.Annatation_DataProvider" name="getdata" time="0.001"/>
  <system-out/>
  <testcase classname="Pacti.Annatation_DataProvider" name="getdata" time="0.001"/>
  <system-out/>
  <testcase classname="Pacti.Annatation_DataProvider" name="getdata" time="0.005"/>
  <system-out/>
  <testcase classname="Pacti.Annatation_DataProvider" name="getdata" time="0.001"/>
  <system-out/>
</testsuite> <!-- Pacti.Annatation_DataProvider -->
