<?xml version="1.0" encoding="UTF-8"?>
<!-- Generated by org.testng.reporters.JUnitReportReporter -->
<testsuite hostname="DESKTOP-U3D6RDB" failures="0" tests="2" name="Pacti.Ts_03" time="0.016" errors="0" timestamp="2023-06-14T20:48:50 IST" skipped="1">
  <testcase classname="Pacti.Ts_03" name="script6" time="0.003"/>
  <system-out/>
  <testcase classname="Pacti.Ts_03" name="script5" time="0.013">
    <skipped/>
  </testcase> <!-- script5 -->
  <system-out/>
</testsuite> <!-- Pacti.Ts_03 -->
