<?xml version="1.0" encoding="UTF-8"?>
<!-- Generated by org.testng.reporters.JUnitReportReporter -->
<testsuite hostname="DESKTOP-U3D6RDB" failures="0" tests="1" name="Pacti.Trail" time="0.000" errors="0" timestamp="2023-06-14T19:39:32 IST" skipped="1">
  <testcase classname="Pacti.Trail" name="test" time="0.000">
    <skipped/>
  </testcase> <!-- test -->
  <system-out/>
</testsuite> <!-- Pacti.Trail -->
