<?xml version="1.0" encoding="UTF-8"?>
<!-- Generated by org.testng.reporters.JUnitReportReporter -->
<testsuite hostname="VYMO-IT-LPT-638" failures="0" tests="3" name="Pacti.TestNg2_Script2" time="0.000" errors="0" timestamp="2023-03-27T11:37:09 IST" skipped="0">
  <testcase classname="Pacti.TestNg2_Script2" name="Delete1" time="0.000"/>
  <system-out>
    <![CDATA[...data deletebaled]]>
  </system-out>
  <testcase classname="Pacti.TestNg2_Script2" name="Edit1" time="0.000"/>
  <system-out>
    <![CDATA[...data editable...]]>
  </system-out>
  <testcase classname="Pacti.TestNg2_Script2" name="Creat1" time="0.000"/>
  <system-out>
    <![CDATA[...data creted...]]>
  </system-out>
</testsuite> <!-- Pacti.TestNg2_Script2 -->
