<?xml version="1.0" encoding="UTF-8"?>
<!-- Generated by org.testng.reporters.JUnitReportReporter -->
<testsuite hostname="DESKTOP-U3D6RDB" failures="0" tests="3" name="Java_pragramm.ReverseString_tocharArray" time="0.009" errors="0" timestamp="2023-04-17T10:11:11 IST" skipped="0">
  <testcase classname="Java_pragramm.ReverseString_tocharArray" name="test" time="0.007"/>
  <system-out/>
  <testcase classname="Java_pragramm.ReverseString_tocharArray" name="test2" time="0.001"/>
  <system-out/>
  <testcase classname="Java_pragramm.ReverseString_tocharArray" name="test1" time="0.001"/>
  <system-out/>
</testsuite> <!-- Java_pragramm.ReverseString_tocharArray -->
