<?xml version="1.0" encoding="UTF-8"?>
<!-- Generated by org.testng.reporters.JUnitReportReporter -->
<testsuite hostname="DESKTOP-U3D6RDB" failures="0" tests="2" name="Java_pragramm.AppendAtthe_lastno" time="0.010" errors="0" timestamp="2023-04-14T15:44:15 IST" skipped="0">
  <testcase classname="Java_pragramm.AppendAtthe_lastno" name="test2" time="0.001"/>
  <system-out/>
  <testcase classname="Java_pragramm.AppendAtthe_lastno" name="test1" time="0.009"/>
  <system-out/>
</testsuite> <!-- Java_pragramm.AppendAtthe_lastno -->
