<?xml version="1.0" encoding="UTF-8"?>
<!-- Generated by org.testng.reporters.JUnitReportReporter -->
<testsuite hostname="VYMO-IT-LPT-638" failures="0" tests="2" name="Pacti.Ts_02" time="0.007" errors="0" timestamp="2023-03-29T20:01:46 IST" skipped="0">
  <testcase classname="Pacti.Ts_02" name="script3" time="0.006"/>
  <system-out/>
  <testcase classname="Pacti.Ts_02" name="script4" time="0.001"/>
  <system-out/>
</testsuite> <!-- Pacti.Ts_02 -->
