<?xml version="1.0" encoding="UTF-8"?>
<!-- Generated by org.testng.reporters.JUnitReportReporter -->
<testsuite hostname="VYMO-IT-LPT-638" failures="0" tests="3" name="Pacti.TestNg1_Script" time="0.009" errors="0" timestamp="2023-03-27T11:37:09 IST" skipped="0">
  <testcase classname="Pacti.TestNg1_Script" name="Creat" time="0.007"/>
  <system-out>
    <![CDATA[...data creted...]]>
  </system-out>
  <testcase classname="Pacti.TestNg1_Script" name="Edit" time="0.001"/>
  <system-out>
    <![CDATA[...data editable...]]>
  </system-out>
  <testcase classname="Pacti.TestNg1_Script" name="Delete" time="0.001"/>
  <system-out>
    <![CDATA[...data deletebaled]]>
  </system-out>
</testsuite> <!-- Pacti.TestNg1_Script -->
