<?xml version="1.0" encoding="UTF-8"?>
<!-- Generated by org.testng.reporters.JUnitReportReporter -->
<testsuite hostname="DESKTOP-U3D6RDB" failures="0" tests="3" name="Today.Trail" time="0.013" errors="0" timestamp="2023-05-27T23:43:39 IST" skipped="0">
  <testcase classname="Today.Trail" name="test" time="0.010"/>
  <system-out/>
  <testcase classname="Today.Trail" name="test" time="0.002"/>
  <system-out/>
  <testcase classname="Today.Trail" name="test" time="0.001"/>
  <system-out/>
</testsuite> <!-- Today.Trail -->
