<?xml version="1.0" encoding="UTF-8"?>
<!-- Generated by org.testng.reporters.JUnitReportReporter -->
<testsuite hostname="VYMO-IT-LPT-638" failures="0" tests="2" name="Pacti.AnnotationTest" time="0.006" errors="0" timestamp="2023-03-23T16:21:20 IST" skipped="0">
  <testcase classname="Pacti.AnnotationTest" name="Execute1" time="0.005"/>
  <system-out/>
  <testcase classname="Pacti.AnnotationTest" name="Execute2" time="0.001"/>
  <system-out/>
</testsuite> <!-- Pacti.AnnotationTest -->
