<?xml version="1.0" encoding="UTF-8"?>
<!-- Generated by org.testng.reporters.JUnitReportReporter -->
<testsuite hostname="DESKTOP-U3D6RDB" failures="0" tests="3" name="Java_pragramm.ReverseStringsothers" time="0.010" errors="0" timestamp="2023-04-21T16:33:58 IST" skipped="0">
  <testcase classname="Java_pragramm.ReverseStringsothers" name="test" time="0.008"/>
  <system-out/>
  <testcase classname="Java_pragramm.ReverseStringsothers" name="test2" time="0.001"/>
  <system-out/>
  <testcase classname="Java_pragramm.ReverseStringsothers" name="test1" time="0.001"/>
  <system-out/>
</testsuite> <!-- Java_pragramm.ReverseStringsothers -->
