<?xml version="1.0" encoding="UTF-8"?>
<!-- Generated by org.testng.reporters.JUnitReportReporter -->
<testsuite hostname="DESKTOP-U3D6RDB" failures="0" tests="1" name="AutomationExcerise.TestCase26" time="30.243" errors="0" timestamp="2023-06-16T22:01:33 IST" skipped="0">
  <testcase classname="AutomationExcerise.TestCase26" name="test26" time="30.243"/>
  <system-out>
    <![CDATA[test26----->test script exectted strated
test26....>test script executed scuscessfully]]>
  </system-out>
</testsuite> <!-- AutomationExcerise.TestCase26 -->
