<?xml version="1.0" encoding="UTF-8"?>
<!-- Generated by org.testng.reporters.JUnitReportReporter -->
<testsuite hostname="VYMO-IT-LPT-638" failures="0" tests="2" name="Pacti.Ts_03" time="0.001" errors="0" timestamp="2023-03-29T20:01:46 IST" skipped="0">
  <testcase classname="Pacti.Ts_03" name="script5" time="0.001"/>
  <system-out/>
  <testcase classname="Pacti.Ts_03" name="script6" time="0.000"/>
  <system-out/>
</testsuite> <!-- Pacti.Ts_03 -->
